DEB [20230420-12:07:40.435] thr=1   paramiko.transport: starting thread (client mode): 0xc77368d0L
DEB [20230420-12:07:40.435] thr=1   paramiko.transport: Local version/idstring: SSH-2.0-paramiko_2.1.1
DEB [20230420-12:07:40.443] thr=1   paramiko.transport: Remote version/idstring: SSH-2.0-OpenSSH_7.4
INF [20230420-12:07:40.443] thr=1   paramiko.transport: Connected (version 2.0, client OpenSSH_7.4)
DEB [20230420-12:07:40.447] thr=1   paramiko.transport: kex algos:[u'curve25519-sha256', u'curve25519-sha256@libssh.org', u'ecdh-sha2-nistp256', u'ecdh-sha2-nistp384', u'ecdh-sha2-nistp521', u'diffie-hellman-group-exchange-sha256', u'diffie-hellman-group16-sha512', u'diffie-hellman-group18-sha512', u'diffie-hellman-group-exchange-sha1', u'diffie-hellman-group14-sha256', u'diffie-hellman-group14-sha1', u'diffie-hellman-group1-sha1'] server key:[u'ssh-rsa', u'rsa-sha2-512', u'rsa-sha2-256', u'ecdsa-sha2-nistp256', u'ssh-ed25519'] client encrypt:[u'chacha20-poly1305@openssh.com', u'aes128-ctr', u'aes192-ctr', u'aes256-ctr', u'aes128-gcm@openssh.com', u'aes256-gcm@openssh.com', u'aes128-cbc', u'aes192-cbc', u'aes256-cbc', u'blowfish-cbc', u'cast128-cbc', u'3des-cbc'] server encrypt:[u'chacha20-poly1305@openssh.com', u'aes128-ctr', u'aes192-ctr', u'aes256-ctr', u'aes128-gcm@openssh.com', u'aes256-gcm@openssh.com', u'aes128-cbc', u'aes192-cbc', u'aes256-cbc', u'blowfish-cbc', u'cast128-cbc', u'3des-cbc'] client mac:[u'umac-64-etm@openssh.com', u'umac-128-etm@openssh.com', u'hmac-sha2-256-etm@openssh.com', u'hmac-sha2-512-etm@openssh.com', u'hmac-sha1-etm@openssh.com', u'umac-64@openssh.com', u'umac-128@openssh.com', u'hmac-sha2-256', u'hmac-sha2-512', u'hmac-sha1'] server mac:[u'umac-64-etm@openssh.com', u'umac-128-etm@openssh.com', u'hmac-sha2-256-etm@openssh.com', u'hmac-sha2-512-etm@openssh.com', u'hmac-sha1-etm@openssh.com', u'umac-64@openssh.com', u'umac-128@openssh.com', u'hmac-sha2-256', u'hmac-sha2-512', u'hmac-sha1'] client compress:[u'none', u'zlib@openssh.com'] server compress:[u'none', u'zlib@openssh.com'] client lang:[u''] server lang:[u''] kex follows?False
DEB [20230420-12:07:40.447] thr=1   paramiko.transport: Kex agreed: diffie-hellman-group1-sha1
DEB [20230420-12:07:40.447] thr=1   paramiko.transport: Cipher agreed: aes128-ctr
DEB [20230420-12:07:40.447] thr=1   paramiko.transport: MAC agreed: hmac-sha2-256
DEB [20230420-12:07:40.447] thr=1   paramiko.transport: Compression agreed: none
DEB [20230420-12:07:40.546] thr=1   paramiko.transport: kex engine KexGroup1 specified hash_algo <built-in function openssl_sha1>
DEB [20230420-12:07:40.547] thr=1   paramiko.transport: Switch to new keys ...
DEB [20230420-12:07:40.548] thr=2   paramiko.transport: Adding ssh-rsa host key for 192.168.20.35: 2fea7d0190fc0fbe8d3a887f71c7e799
DEB [20230420-12:07:40.588] thr=1   paramiko.transport: userauth is OK
DEB [20230420-12:07:40.601] thr=1   paramiko.transport: Authentication type (password) not permitted.
DEB [20230420-12:07:40.602] thr=1   paramiko.transport: Allowed methods: [u'publickey', u'gssapi-keyex', u'gssapi-with-mic']
DEB [20230420-12:07:40.618] thr=3   paramiko.transport: starting thread (client mode): 0xc57b7050L
DEB [20230420-12:07:40.618] thr=3   paramiko.transport: Local version/idstring: SSH-2.0-paramiko_2.1.1
DEB [20230420-12:07:40.628] thr=3   paramiko.transport: Remote version/idstring: SSH-2.0-OpenSSH_7.4
INF [20230420-12:07:40.629] thr=3   paramiko.transport: Connected (version 2.0, client OpenSSH_7.4)
DEB [20230420-12:07:40.630] thr=3   paramiko.transport: kex algos:[u'curve25519-sha256', u'curve25519-sha256@libssh.org', u'ecdh-sha2-nistp256', u'ecdh-sha2-nistp384', u'ecdh-sha2-nistp521', u'diffie-hellman-group-exchange-sha256', u'diffie-hellman-group16-sha512', u'diffie-hellman-group18-sha512', u'diffie-hellman-group-exchange-sha1', u'diffie-hellman-group14-sha256', u'diffie-hellman-group14-sha1', u'diffie-hellman-group1-sha1'] server key:[u'ssh-rsa', u'rsa-sha2-512', u'rsa-sha2-256', u'ecdsa-sha2-nistp256', u'ssh-ed25519'] client encrypt:[u'chacha20-poly1305@openssh.com', u'aes128-ctr', u'aes192-ctr', u'aes256-ctr', u'aes128-gcm@openssh.com', u'aes256-gcm@openssh.com', u'aes128-cbc', u'aes192-cbc', u'aes256-cbc', u'blowfish-cbc', u'cast128-cbc', u'3des-cbc'] server encrypt:[u'chacha20-poly1305@openssh.com', u'aes128-ctr', u'aes192-ctr', u'aes256-ctr', u'aes128-gcm@openssh.com', u'aes256-gcm@openssh.com', u'aes128-cbc', u'aes192-cbc', u'aes256-cbc', u'blowfish-cbc', u'cast128-cbc', u'3des-cbc'] client mac:[u'umac-64-etm@openssh.com', u'umac-128-etm@openssh.com', u'hmac-sha2-256-etm@openssh.com', u'hmac-sha2-512-etm@openssh.com', u'hmac-sha1-etm@openssh.com', u'umac-64@openssh.com', u'umac-128@openssh.com', u'hmac-sha2-256', u'hmac-sha2-512', u'hmac-sha1'] server mac:[u'umac-64-etm@openssh.com', u'umac-128-etm@openssh.com', u'hmac-sha2-256-etm@openssh.com', u'hmac-sha2-512-etm@openssh.com', u'hmac-sha1-etm@openssh.com', u'umac-64@openssh.com', u'umac-128@openssh.com', u'hmac-sha2-256', u'hmac-sha2-512', u'hmac-sha1'] client compress:[u'none', u'zlib@openssh.com'] server compress:[u'none', u'zlib@openssh.com'] client lang:[u''] server lang:[u''] kex follows?False
DEB [20230420-12:07:40.630] thr=3   paramiko.transport: Kex agreed: diffie-hellman-group1-sha1
DEB [20230420-12:07:40.630] thr=3   paramiko.transport: Cipher agreed: aes128-ctr
DEB [20230420-12:07:40.630] thr=3   paramiko.transport: MAC agreed: hmac-sha2-256
DEB [20230420-12:07:40.631] thr=3   paramiko.transport: Compression agreed: none
DEB [20230420-12:07:40.641] thr=3   paramiko.transport: kex engine KexGroup1 specified hash_algo <built-in function openssl_sha1>
DEB [20230420-12:07:40.641] thr=3   paramiko.transport: Switch to new keys ...
DEB [20230420-12:07:40.653] thr=2   paramiko.transport: Adding ssh-rsa host key for 192.168.20.35: 2fea7d0190fc0fbe8d3a887f71c7e799
DEB [20230420-12:07:40.682] thr=3   paramiko.transport: userauth is OK
DEB [20230420-12:07:40.694] thr=3   paramiko.transport: Authentication type (password) not permitted.
DEB [20230420-12:07:40.694] thr=3   paramiko.transport: Allowed methods: [u'publickey', u'gssapi-keyex', u'gssapi-with-mic']
DEB [20230420-12:07:40.804] thr=1   paramiko.transport: EOF in transport thread
DEB [20230420-12:07:40.839] thr=4   paramiko.transport: starting thread (client mode): 0xc57abc50L
DEB [20230420-12:07:40.839] thr=4   paramiko.transport: Local version/idstring: SSH-2.0-paramiko_2.1.1
DEB [20230420-12:07:40.850] thr=4   paramiko.transport: Remote version/idstring: SSH-2.0-OpenSSH_7.4
INF [20230420-12:07:40.850] thr=4   paramiko.transport: Connected (version 2.0, client OpenSSH_7.4)
DEB [20230420-12:07:40.852] thr=4   paramiko.transport: kex algos:[u'curve25519-sha256', u'curve25519-sha256@libssh.org', u'ecdh-sha2-nistp256', u'ecdh-sha2-nistp384', u'ecdh-sha2-nistp521', u'diffie-hellman-group-exchange-sha256', u'diffie-hellman-group16-sha512', u'diffie-hellman-group18-sha512', u'diffie-hellman-group-exchange-sha1', u'diffie-hellman-group14-sha256', u'diffie-hellman-group14-sha1', u'diffie-hellman-group1-sha1'] server key:[u'ssh-rsa', u'rsa-sha2-512', u'rsa-sha2-256', u'ecdsa-sha2-nistp256', u'ssh-ed25519'] client encrypt:[u'chacha20-poly1305@openssh.com', u'aes128-ctr', u'aes192-ctr', u'aes256-ctr', u'aes128-gcm@openssh.com', u'aes256-gcm@openssh.com', u'aes128-cbc', u'aes192-cbc', u'aes256-cbc', u'blowfish-cbc', u'cast128-cbc', u'3des-cbc'] server encrypt:[u'chacha20-poly1305@openssh.com', u'aes128-ctr', u'aes192-ctr', u'aes256-ctr', u'aes128-gcm@openssh.com', u'aes256-gcm@openssh.com', u'aes128-cbc', u'aes192-cbc', u'aes256-cbc', u'blowfish-cbc', u'cast128-cbc', u'3des-cbc'] client mac:[u'umac-64-etm@openssh.com', u'umac-128-etm@openssh.com', u'hmac-sha2-256-etm@openssh.com', u'hmac-sha2-512-etm@openssh.com', u'hmac-sha1-etm@openssh.com', u'umac-64@openssh.com', u'umac-128@openssh.com', u'hmac-sha2-256', u'hmac-sha2-512', u'hmac-sha1'] server mac:[u'umac-64-etm@openssh.com', u'umac-128-etm@openssh.com', u'hmac-sha2-256-etm@openssh.com', u'hmac-sha2-512-etm@openssh.com', u'hmac-sha1-etm@openssh.com', u'umac-64@openssh.com', u'umac-128@openssh.com', u'hmac-sha2-256', u'hmac-sha2-512', u'hmac-sha1'] client compress:[u'none', u'zlib@openssh.com'] server compress:[u'none', u'zlib@openssh.com'] client lang:[u''] server lang:[u''] kex follows?False
DEB [20230420-12:07:40.852] thr=4   paramiko.transport: Kex agreed: diffie-hellman-group1-sha1
DEB [20230420-12:07:40.852] thr=4   paramiko.transport: Cipher agreed: aes128-ctr
DEB [20230420-12:07:40.853] thr=4   paramiko.transport: MAC agreed: hmac-sha2-256
DEB [20230420-12:07:40.853] thr=4   paramiko.transport: Compression agreed: none
DEB [20230420-12:07:40.865] thr=4   paramiko.transport: kex engine KexGroup1 specified hash_algo <built-in function openssl_sha1>
DEB [20230420-12:07:40.866] thr=4   paramiko.transport: Switch to new keys ...
DEB [20230420-12:07:40.876] thr=2   paramiko.transport: Adding ssh-rsa host key for 192.168.20.35: 2fea7d0190fc0fbe8d3a887f71c7e799
DEB [20230420-12:07:40.907] thr=4   paramiko.transport: userauth is OK
DEB [20230420-12:07:40.918] thr=4   paramiko.transport: Authentication type (password) not permitted.
DEB [20230420-12:07:40.918] thr=4   paramiko.transport: Allowed methods: [u'publickey', u'gssapi-keyex', u'gssapi-with-mic']
DEB [20230420-12:07:40.998] thr=3   paramiko.transport: EOF in transport thread
DEB [20230420-12:07:41.013] thr=5   paramiko.transport: starting thread (client mode): 0xc57b7e10L
DEB [20230420-12:07:41.014] thr=5   paramiko.transport: Local version/idstring: SSH-2.0-paramiko_2.1.1
DEB [20230420-12:07:41.034] thr=5   paramiko.transport: Remote version/idstring: SSH-2.0-OpenSSH_7.4
INF [20230420-12:07:41.035] thr=5   paramiko.transport: Connected (version 2.0, client OpenSSH_7.4)
DEB [20230420-12:07:41.036] thr=5   paramiko.transport: kex algos:[u'curve25519-sha256', u'curve25519-sha256@libssh.org', u'ecdh-sha2-nistp256', u'ecdh-sha2-nistp384', u'ecdh-sha2-nistp521', u'diffie-hellman-group-exchange-sha256', u'diffie-hellman-group16-sha512', u'diffie-hellman-group18-sha512', u'diffie-hellman-group-exchange-sha1', u'diffie-hellman-group14-sha256', u'diffie-hellman-group14-sha1', u'diffie-hellman-group1-sha1'] server key:[u'ssh-rsa', u'rsa-sha2-512', u'rsa-sha2-256', u'ecdsa-sha2-nistp256', u'ssh-ed25519'] client encrypt:[u'chacha20-poly1305@openssh.com', u'aes128-ctr', u'aes192-ctr', u'aes256-ctr', u'aes128-gcm@openssh.com', u'aes256-gcm@openssh.com', u'aes128-cbc', u'aes192-cbc', u'aes256-cbc', u'blowfish-cbc', u'cast128-cbc', u'3des-cbc'] server encrypt:[u'chacha20-poly1305@openssh.com', u'aes128-ctr', u'aes192-ctr', u'aes256-ctr', u'aes128-gcm@openssh.com', u'aes256-gcm@openssh.com', u'aes128-cbc', u'aes192-cbc', u'aes256-cbc', u'blowfish-cbc', u'cast128-cbc', u'3des-cbc'] client mac:[u'umac-64-etm@openssh.com', u'umac-128-etm@openssh.com', u'hmac-sha2-256-etm@openssh.com', u'hmac-sha2-512-etm@openssh.com', u'hmac-sha1-etm@openssh.com', u'umac-64@openssh.com', u'umac-128@openssh.com', u'hmac-sha2-256', u'hmac-sha2-512', u'hmac-sha1'] server mac:[u'umac-64-etm@openssh.com', u'umac-128-etm@openssh.com', u'hmac-sha2-256-etm@openssh.com', u'hmac-sha2-512-etm@openssh.com', u'hmac-sha1-etm@openssh.com', u'umac-64@openssh.com', u'umac-128@openssh.com', u'hmac-sha2-256', u'hmac-sha2-512', u'hmac-sha1'] client compress:[u'none', u'zlib@openssh.com'] server compress:[u'none', u'zlib@openssh.com'] client lang:[u''] server lang:[u''] kex follows?False
DEB [20230420-12:07:41.036] thr=5   paramiko.transport: Kex agreed: diffie-hellman-group1-sha1
DEB [20230420-12:07:41.037] thr=5   paramiko.transport: Cipher agreed: aes128-ctr
DEB [20230420-12:07:41.037] thr=5   paramiko.transport: MAC agreed: hmac-sha2-256
DEB [20230420-12:07:41.037] thr=5   paramiko.transport: Compression agreed: none
DEB [20230420-12:07:41.047] thr=5   paramiko.transport: kex engine KexGroup1 specified hash_algo <built-in function openssl_sha1>
DEB [20230420-12:07:41.048] thr=5   paramiko.transport: Switch to new keys ...
DEB [20230420-12:07:41.050] thr=2   paramiko.transport: Adding ssh-rsa host key for 192.168.20.35: 2fea7d0190fc0fbe8d3a887f71c7e799
DEB [20230420-12:07:41.088] thr=5   paramiko.transport: userauth is OK
DEB [20230420-12:07:41.097] thr=5   paramiko.transport: Authentication type (password) not permitted.
DEB [20230420-12:07:41.098] thr=5   paramiko.transport: Allowed methods: [u'publickey', u'gssapi-keyex', u'gssapi-with-mic']
DEB [20230420-12:07:41.119] thr=4   paramiko.transport: EOF in transport thread
DEB [20230420-12:07:41.199] thr=5   paramiko.transport: EOF in transport thread
